<?xml version="1.0" encoding="UTF-8"?>
<testng-results skipped="0" failed="0" ignored="0" total="1" passed="1">
  <reporter-output>
  </reporter-output>
  <suite name="BasicCalculator.maven.com.TestCalc" duration-ms="53" started-at="2020-01-28T08:37:42Z" finished-at="2020-01-28T08:37:42Z">
    <groups>
    </groups>
    <test name="Command line test" duration-ms="53" started-at="2020-01-28T08:37:42Z" finished-at="2020-01-28T08:37:42Z">
      <class name="BasicCalculator.maven.com.TestCalc">
        <test-method status="PASS" signature="testSum()[pri:0, instance:BasicCalculator.maven.com.TestCalc@2aaf7cc2]" name="testSum" duration-ms="7" started-at="2020-01-28T00:37:42Z" finished-at="2020-01-28T00:37:42Z">
          <reporter-output>
          </reporter-output>
        </test-method> <!-- testSum -->
      </class> <!-- BasicCalculator.maven.com.TestCalc -->
    </test> <!-- Command line test -->
  </suite> <!-- BasicCalculator.maven.com.TestCalc -->
</testng-results>
