<?xml version="1.0" encoding="UTF-8"?>
<testng-results skipped="0" failed="0" ignored="0" total="1" passed="1">
  <reporter-output>
  </reporter-output>
  <suite name="Default suite" duration-ms="69" started-at="2020-01-27T20:08:40Z" finished-at="2020-01-27T20:08:40Z">
    <groups>
    </groups>
    <test name="Default test" duration-ms="69" started-at="2020-01-27T20:08:40Z" finished-at="2020-01-27T20:08:40Z">
      <class name="BasicCalculator.maven.com.TestCalc">
        <test-method status="PASS" signature="testSum()[pri:0, instance:BasicCalculator.maven.com.TestCalc@5f375618]" name="testSum" duration-ms="15" started-at="2020-01-27T20:08:40Z" finished-at="2020-01-27T20:08:40Z">
          <reporter-output>
          </reporter-output>
        </test-method> <!-- testSum -->
      </class> <!-- BasicCalculator.maven.com.TestCalc -->
    </test> <!-- Default test -->
  </suite> <!-- Default suite -->
</testng-results>
